# JRE version: OpenJDK Runtime Environment Temurin-17.0.1+12 (17.0.1+12) (build 17.0.1+12)
# Java VM: OpenJDK 64-Bit Server VM Temurin-17.0.1+12 (17.0.1+12, mixed mode, tiered, compressed oops, compressed class ptrs, g1 gc, windows-amd64)
GC Precious Log:
 CPUs: 8 total, 8 available
 Memory: 7833M
 Large Page Support: Disabled
 NUMA Support: Disabled
 Compressed Oops: Enabled (32-bit)
 Heap Region Size: 1M
 Heap Min Capacity: 8M
 Heap Initial Capacity: 124M
 Heap Max Capacity: 1960M
 Pre-touch: Disabled
 Parallel Workers: 8
 Concurrent Workers: 2
 Concurrent Refinement Workers: 8
 Periodic GC: Disabled
Heap:
 garbage-first heap   total 527360K, used 293888K [0x0000000085800000, 0x0000000100000000)
  region size 1024K, 10 young (10240K), 10 survivors (10240K)
 Metaspace       used 59202K, committed 60224K, reserved 1105920K
  class space    used 6271K, committed 6656K, reserved 1048576K
GC Heap History (20 events):
Event: 116.358 GC heap after
{Heap after GC invocations=33 (full 0):
 garbage-first heap   total 217088K, used 135680K [0x0000000085800000, 0x0000000100000000)
  region size 1024K, 8 young (8192K), 8 survivors (8192K)
 Metaspace       used 60735K, committed 61376K, reserved 1105920K
  class space    used 6458K, committed 6784K, reserved 1048576K
}
Event: 117.169 GC heap before
{Heap before GC invocations=34 (full 0):
 garbage-first heap   total 235520K, used 162304K [0x0000000085800000, 0x0000000100000000)
  region size 1024K, 41 young (41984K), 8 survivors (8192K)
 Metaspace       used 59130K, committed 60224K, reserved 1105920K
  class space    used 6263K, committed 6656K, reserved 1048576K
}
Event: 117.252 GC heap after
{Heap after GC invocations=35 (full 0):
 garbage-first heap   total 235520K, used 141824K [0x0000000085800000, 0x0000000100000000)
  region size 1024K, 6 young (6144K), 6 survivors (6144K)
 Metaspace       used 59130K, committed 60224K, reserved 1105920K
  class space    used 6263K, committed 6656K, reserved 1048576K
}
Event: 117.346 GC heap before
{Heap before GC invocations=35 (full 0):
 garbage-first heap   total 235520K, used 145920K [0x0000000085800000, 0x0000000100000000)
  region size 1024K, 11 young (11264K), 6 survivors (6144K)
 Metaspace       used 59131K, committed 60224K, reserved 1105920K
  class space    used 6263K, committed 6656K, reserved 1048576K
}
Event: 117.396 GC heap after
{Heap after GC invocations=36 (full 0):
 garbage-first heap   total 235520K, used 123904K [0x0000000085800000, 0x0000000100000000)
  region size 1024K, 2 young (2048K), 2 survivors (2048K)
 Metaspace       used 59131K, committed 60224K, reserved 1105920K
  class space    used 6263K, committed 6656K, reserved 1048576K
}
Event: 117.514 GC heap before
{Heap before GC invocations=36 (full 0):
 garbage-first heap   total 235520K, used 133120K [0x0000000085800000, 0x0000000100000000)
  region size 1024K, 11 young (11264K), 2 survivors (2048K)
 Metaspace       used 59133K, committed 60224K, reserved 1105920K
  class space    used 6263K, committed 6656K, reserved 1048576K
}
Event: 117.537 GC heap after
{Heap after GC invocations=37 (full 0):
 garbage-first heap   total 235520K, used 121216K [0x0000000085800000, 0x0000000100000000)
  region size 1024K, 2 young (2048K), 2 survivors (2048K)
 Metaspace       used 59133K, committed 60224K, reserved 1105920K
  class space    used 6263K, committed 6656K, reserved 1048576K
}
Event: 118.213 GC heap before
{Heap before GC invocations=37 (full 0):
 garbage-first heap   total 235520K, used 172416K [0x0000000085800000, 0x0000000100000000)
  region size 1024K, 52 young (53248K), 2 survivors (2048K)
 Metaspace       used 59145K, committed 60224K, reserved 1105920K
  class space    used 6266K, committed 6656K, reserved 1048576K
}
Event: 118.260 GC heap after
{Heap after GC invocations=38 (full 0):
 garbage-first heap   total 235520K, used 138958K [0x0000000085800000, 0x0000000100000000)
  region size 1024K, 7 young (7168K), 7 survivors (7168K)
 Metaspace       used 59145K, committed 60224K, reserved 1105920K
  class space    used 6266K, committed 6656K, reserved 1048576K
}
Event: 118.948 GC heap before
{Heap before GC invocations=38 (full 0):
 garbage-first heap   total 235520K, used 179918K [0x0000000085800000, 0x0000000100000000)
  region size 1024K, 47 young (48128K), 7 survivors (7168K)
 Metaspace       used 59156K, committed 60224K, reserved 1105920K
  class space    used 6268K, committed 6656K, reserved 1048576K
}
Event: 119.026 GC heap after
{Heap after GC invocations=39 (full 0):
 garbage-first heap   total 235520K, used 154446K [0x0000000085800000, 0x0000000100000000)
  region size 1024K, 6 young (6144K), 6 survivors (6144K)
 Metaspace       used 59156K, committed 60224K, reserved 1105920K
  class space    used 6268K, committed 6656K, reserved 1048576K
}
Event: 119.516 GC heap before
{Heap before GC invocations=39 (full 0):
 garbage-first heap   total 235520K, used 186190K [0x0000000085800000, 0x0000000100000000)
  region size 1024K, 37 young (37888K), 6 survivors (6144K)
 Metaspace       used 59157K, committed 60224K, reserved 1105920K
  class space    used 6268K, committed 6656K, reserved 1048576K
}
Event: 119.602 GC heap after
{Heap after GC invocations=40 (full 0):
 garbage-first heap   total 527360K, used 167424K [0x0000000085800000, 0x0000000100000000)
  region size 1024K, 5 young (5120K), 5 survivors (5120K)
 Metaspace       used 59157K, committed 60224K, reserved 1105920K
  class space    used 6268K, committed 6656K, reserved 1048576K
}
Event: 123.067 GC heap before
{Heap before GC invocations=40 (full 0):
 garbage-first heap   total 527360K, used 316928K [0x0000000085800000, 0x0000000100000000)
  region size 1024K, 151 young (154624K), 5 survivors (5120K)
 Metaspace       used 59188K, committed 60224K, reserved 1105920K
  class space    used 6270K, committed 6656K, reserved 1048576K
}
Event: 123.221 GC heap after
{Heap after GC invocations=41 (full 0):
 garbage-first heap   total 527360K, used 223232K [0x0000000085800000, 0x0000000100000000)
  region size 1024K, 19 young (19456K), 19 survivors (19456K)
 Metaspace       used 59188K, committed 60224K, reserved 1105920K
  class space    used 6270K, committed 6656K, reserved 1048576K
}
Event: 123.524 GC heap before
{Heap before GC invocations=41 (full 0):
 garbage-first heap   total 527360K, used 239616K [0x0000000085800000, 0x0000000100000000)
  region size 1024K, 35 young (35840K), 19 survivors (19456K)
 Metaspace       used 59190K, committed 60224K, reserved 1105920K
  class space    used 6270K, committed 6656K, reserved 1048576K
}
Event: 123.602 GC heap after
{Heap after GC invocations=42 (full 0):
 garbage-first heap   total 527360K, used 230912K [0x0000000085800000, 0x0000000100000000)
  region size 1024K, 5 young (5120K), 5 survivors (5120K)
 Metaspace       used 59190K, committed 60224K, reserved 1105920K
  class space    used 6270K, committed 6656K, reserved 1048576K
}
Event: 125.422 GC heap before
{Heap before GC invocations=42 (full 0):
 garbage-first heap   total 527360K, used 354816K [0x0000000085800000, 0x0000000100000000)
  region size 1024K, 126 young (129024K), 5 survivors (5120K)
 Metaspace       used 59195K, committed 60224K, reserved 1105920K
  class space    used 6270K, committed 6656K, reserved 1048576K
}
Event: 125.536 GC heap after
{Heap after GC invocations=43 (full 0):
 garbage-first heap   total 527360K, used 272896K [0x0000000085800000, 0x0000000100000000)
  region size 1024K, 16 young (16384K), 16 survivors (16384K)
 Metaspace       used 59195K, committed 60224K, reserved 1105920K
  class space    used 6270K, committed 6656K, reserved 1048576K
}
Event: 126.344 GC heap before
{Heap before GC invocations=43 (full 0):
 garbage-first heap   total 527360K, used 334336K [0x0000000085800000, 0x0000000100000000)
  region size 1024K, 76 young (77824K), 16 survivors (16384K)
 Metaspace       used 59202K, committed 60224K, reserved 1105920K
  class space    used 6271K, committed 6656K, reserved 1048576K
}

