<?xml version="1.0" encoding="UTF-8"?>
<testsuite xmlns:xsi="http://www.w3.org/2001/XMLSchema-instance" xsi:noNamespaceSchemaLocation="https://maven.apache.org/surefire/maven-surefire-plugin/xsd/surefire-test-report-3.0.xsd" version="3.0" name="org.soky.sro.pk2.Pk2FileTest" time="0.678" tests="14" errors="0" skipped="0" failures="0">
  <properties>
[...]
</properties>
  <testcase name="testQueryFileMatchRegex2" classname="org.soky.sro.pk2.Pk2FileTest" time="0.212">
    <system-out><![CDATA[07:15:21.390 [main] INFO org.sokybot.pk2.Pk2File - While reading header , total read bytes 256 
07:15:21.590 [main] INFO org.soky.sro.pk2.Pk2FileTest - Skill Data File : JMXFile(pkFilePath=E:\Amroo\Silkroad Games\LegionSRO_15_08_2019\Media.pk2, name=skilldata_10000.txt, position=417372862, size=4422706, parent=null) 
07:15:21.600 [main] INFO org.soky.sro.pk2.Pk2FileTest - Skill Data File : JMXFile(pkFilePath=E:\Amroo\Silkroad Games\LegionSRO_15_08_2019\Media.pk2, name=skilldata_15000.txt, position=706693952, size=4245362, parent=null) 
07:15:21.600 [main] INFO org.soky.sro.pk2.Pk2FileTest - Skill Data File : JMXFile(pkFilePath=E:\Amroo\Silkroad Games\LegionSRO_15_08_2019\Media.pk2, name=skilldata_20000.txt, position=409872188, size=3508922, parent=null) 
07:15:21.600 [main] INFO org.soky.sro.pk2.Pk2FileTest - Skill Data File : JMXFile(pkFilePath=E:\Amroo\Silkroad Games\LegionSRO_15_08_2019\Media.pk2, name=skilldata_25000.txt, position=836544024, size=3665660, parent=null) 
07:15:21.600 [main] INFO org.soky.sro.pk2.Pk2FileTest - Skill Data File : JMXFile(pkFilePath=E:\Amroo\Silkroad Games\LegionSRO_15_08_2019\Media.pk2, name=skilldata_30000.txt, position=843875370, size=3712346, parent=null) 
07:15:21.600 [main] INFO org.soky.sro.pk2.Pk2FileTest - Skill Data File : JMXFile(pkFilePath=E:\Amroo\Silkroad Games\LegionSRO_15_08_2019\Media.pk2, name=skilldata_35000.txt, position=61231284, size=3723750, parent=null) 
07:15:21.600 [main] INFO org.soky.sro.pk2.Pk2FileTest - Skill Data File : JMXFile(pkFilePath=E:\Amroo\Silkroad Games\LegionSRO_15_08_2019\Media.pk2, name=skilldata_5000.txt, position=858517242, size=3788308, parent=null) 
07:15:21.600 [main] INFO org.soky.sro.pk2.Pk2FileTest - Skill Data File : JMXFile(pkFilePath=E:\Amroo\Silkroad Games\LegionSRO_15_08_2019\Media.pk2, name=skilldata_20000enc.txt, position=741413980, size=3508948, parent=null) 
07:15:21.600 [main] INFO org.soky.sro.pk2.Pk2FileTest - Skill Data File : JMXFile(pkFilePath=E:\Amroo\Silkroad Games\LegionSRO_15_08_2019\Media.pk2, name=skilldata_25000enc.txt, position=406149788, size=3666096, parent=null) 
07:15:21.600 [main] INFO org.soky.sro.pk2.Pk2FileTest - Skill Data File : JMXFile(pkFilePath=E:\Amroo\Silkroad Games\LegionSRO_15_08_2019\Media.pk2, name=skilldata_30000enc.txt, position=645200944, size=3712372, parent=null) 
07:15:21.600 [main] INFO org.soky.sro.pk2.Pk2FileTest - Skill Data File : JMXFile(pkFilePath=E:\Amroo\Silkroad Games\LegionSRO_15_08_2019\Media.pk2, name=skilldata_5000enc.txt, position=66028340, size=3788596, parent=null) 
07:15:21.600 [main] INFO org.soky.sro.pk2.Pk2FileTest - Skill Data File : JMXFile(pkFilePath=E:\Amroo\Silkroad Games\LegionSRO_15_08_2019\Media.pk2, name=skilldata_10000enc.txt, position=862305550, size=4429622, parent=null) 
07:15:21.600 [main] INFO org.soky.sro.pk2.Pk2FileTest - Skill Data File : JMXFile(pkFilePath=E:\Amroo\Silkroad Games\LegionSRO_15_08_2019\Media.pk2, name=skilldata_15000enc.txt, position=711148100, size=4245388, parent=null) 
07:15:21.600 [main] INFO org.soky.sro.pk2.Pk2FileTest - Skill Data File : JMXFile(pkFilePath=E:\Amroo\Silkroad Games\LegionSRO_15_08_2019\Media.pk2, name=skilldata_35000enc.txt, position=847587716, size=3760960, parent=null) 
07:15:21.600 [main] INFO org.soky.sro.pk2.Pk2FileTest - Skill Data File : JMXFile(pkFilePath=E:\Amroo\Silkroad Games\LegionSRO_15_08_2019\Media.pk2, name=skilldata_40000enc.txt, position=16309842, size=51002, parent=null) 
07:15:21.600 [main] INFO org.soky.sro.pk2.Pk2FileTest - Skill Data File : JMXFile(pkFilePath=E:\Amroo\Silkroad Games\LegionSRO_15_08_2019\Media.pk2, name=skilldata_45000enc.txt, position=106944338, size=71566, parent=null) 
]]></system-out>
  </testcase>
  <testcase name="testPk2FileFindWithLimitMethod" classname="org.soky.sro.pk2.Pk2FileTest" time="0.002">
    <system-out><![CDATA[07:15:21.603 [main] DEBUG org.sokybot.pk2.Pk2File - Query limit reached
07:15:21.603 [main] INFO org.soky.sro.pk2.Pk2FileTest - Files Size 1 
]]></system-out>
  </testcase>
  <testcase name="testQueryFilesMatchRegex" classname="org.soky.sro.pk2.Pk2FileTest" time="0.144">
    <system-out><![CDATA[07:15:21.747 [main] INFO org.soky.sro.pk2.Pk2FileTest - Item Data File : JMXFile(pkFilePath=E:\Amroo\Silkroad Games\LegionSRO_15_08_2019\Media.pk2, name=itemdata_45000.txt, position=801576144, size=2210072, parent=null) 
07:15:21.747 [main] INFO org.soky.sro.pk2.Pk2FileTest - Item Data File : JMXFile(pkFilePath=E:\Amroo\Silkroad Games\LegionSRO_15_08_2019\Media.pk2, name=itemdata_25000.txt, position=867758904, size=1377806, parent=null) 
07:15:21.747 [main] INFO org.soky.sro.pk2.Pk2FileTest - Item Data File : JMXFile(pkFilePath=E:\Amroo\Silkroad Games\LegionSRO_15_08_2019\Media.pk2, name=itemdata_25000.txt, position=770435288, size=1377798, parent=null) 
07:15:21.747 [main] INFO org.soky.sro.pk2.Pk2FileTest - Item Data File : JMXFile(pkFilePath=E:\Amroo\Silkroad Games\LegionSRO_15_08_2019\Media.pk2, name=itemdata_45000.txt, position=448477015, size=2171150, parent=null) 
07:15:21.747 [main] INFO org.soky.sro.pk2.Pk2FileTest - Item Data File : JMXFile(pkFilePath=E:\Amroo\Silkroad Games\LegionSRO_15_08_2019\Media.pk2, name=itemdata_5000.txt, position=796857068, size=4665392, parent=null) 
07:15:21.747 [main] INFO org.soky.sro.pk2.Pk2FileTest - Item Data File : JMXFile(pkFilePath=E:\Amroo\Silkroad Games\LegionSRO_15_08_2019\Media.pk2, name=itemdata_10000.txt, position=81415316, size=3291764, parent=null) 
07:15:21.747 [main] INFO org.soky.sro.pk2.Pk2FileTest - Item Data File : JMXFile(pkFilePath=E:\Amroo\Silkroad Games\LegionSRO_15_08_2019\Media.pk2, name=itemdata_15000.txt, position=651649492, size=6448552, parent=null) 
07:15:21.747 [main] INFO org.soky.sro.pk2.Pk2FileTest - Item Data File : JMXFile(pkFilePath=E:\Amroo\Silkroad Games\LegionSRO_15_08_2019\Media.pk2, name=itemdata_20000.txt, position=84707080, size=190576, parent=null) 
07:15:21.747 [main] INFO org.soky.sro.pk2.Pk2FileTest - Item Data File : JMXFile(pkFilePath=E:\Amroo\Silkroad Games\LegionSRO_15_08_2019\Media.pk2, name=itemdata_25000.txt, position=828830002, size=1377810, parent=null) 
07:15:21.747 [main] INFO org.soky.sro.pk2.Pk2FileTest - Item Data File : JMXFile(pkFilePath=E:\Amroo\Silkroad Games\LegionSRO_15_08_2019\Media.pk2, name=itemdata_5000.txt, position=658098044, size=4665504, parent=null) 
07:15:21.747 [main] INFO org.soky.sro.pk2.Pk2FileTest - Item Data File : JMXFile(pkFilePath=E:\Amroo\Silkroad Games\LegionSRO_15_08_2019\Media.pk2, name=itemdata_30000.txt, position=421795568, size=2377058, parent=null) 
07:15:21.747 [main] INFO org.soky.sro.pk2.Pk2FileTest - Item Data File : JMXFile(pkFilePath=E:\Amroo\Silkroad Games\LegionSRO_15_08_2019\Media.pk2, name=itemdata_35000.txt, position=323345201, size=707642, parent=null) 
07:15:21.747 [main] INFO org.soky.sro.pk2.Pk2FileTest - Item Data File : JMXFile(pkFilePath=E:\Amroo\Silkroad Games\LegionSRO_15_08_2019\Media.pk2, name=itemdata_40000.txt, position=496575159, size=2155770, parent=null) 
07:15:21.747 [main] INFO org.soky.sro.pk2.Pk2FileTest - Item Data File : JMXFile(pkFilePath=E:\Amroo\Silkroad Games\LegionSRO_15_08_2019\Media.pk2, name=itemdata_45000.txt, position=579536097, size=3645724, parent=null) 
]]></system-out>
  </testcase>
  <testcase name="testFindNotFound" classname="org.soky.sro.pk2.Pk2FileTest" time="0.132">
    <system-out><![CDATA[07:15:21.880 [main] INFO org.soky.sro.pk2.Pk2FileTest - Files Size 0 
]]></system-out>
  </testcase>
  <testcase name="testPk2FileWithNotValidFilePath" classname="org.soky.sro.pk2.Pk2FileTest" time="0.001"/>
  <testcase name="testQueryParticularFile" classname="org.soky.sro.pk2.Pk2FileTest" time="0.004">
    <system-out><![CDATA[Matched Dir is : 2816 config
]]></system-out>
  </testcase>
  <testcase name="testQueryCollectionAtParticularDir2" classname="org.soky.sro.pk2.Pk2FileTest" time="0.002">
    <system-out><![CDATA[Matched Dir is : 2816 config
]]></system-out>
  </testcase>
  <testcase name="testFindWithLimit0" classname="org.soky.sro.pk2.Pk2FileTest" time="0">
    <system-out><![CDATA[07:15:21.888 [main] INFO org.soky.sro.pk2.Pk2FileTest - Files Size 0 
]]></system-out>
  </testcase>
  <testcase name="testFindWithLimit1" classname="org.soky.sro.pk2.Pk2FileTest" time="0.001">
    <system-out><![CDATA[07:15:21.889 [main] INFO org.soky.sro.pk2.Pk2FileTest - Files Size 1 
]]></system-out>
  </testcase>
  <testcase name="testFindWithLimit2" classname="org.soky.sro.pk2.Pk2FileTest" time="0.001">
    <system-out><![CDATA[07:15:21.891 [main] INFO org.soky.sro.pk2.Pk2FileTest - Files Size 2 
]]></system-out>
  </testcase>
  <testcase name="testPk2FileInterfaceWithNotPk2File" classname="org.soky.sro.pk2.Pk2FileTest" time="0.001"/>
  <testcase name="testQueryEncryptedSkillDataFiles" classname="org.soky.sro.pk2.Pk2FileTest" time="0.169">
    <system-out><![CDATA[07:15:22.061 [main] INFO org.soky.sro.pk2.Pk2FileTest - Skill Data File : JMXFile(pkFilePath=E:\Amroo\Silkroad Games\LegionSRO_15_08_2019\Media.pk2, name=skilldata_20000enc.txt, position=741413980, size=3508948, parent=null) 
07:15:22.061 [main] INFO org.soky.sro.pk2.Pk2FileTest - Skill Data File : JMXFile(pkFilePath=E:\Amroo\Silkroad Games\LegionSRO_15_08_2019\Media.pk2, name=skilldata_25000enc.txt, position=406149788, size=3666096, parent=null) 
07:15:22.061 [main] INFO org.soky.sro.pk2.Pk2FileTest - Skill Data File : JMXFile(pkFilePath=E:\Amroo\Silkroad Games\LegionSRO_15_08_2019\Media.pk2, name=skilldata_30000enc.txt, position=645200944, size=3712372, parent=null) 
07:15:22.061 [main] INFO org.soky.sro.pk2.Pk2FileTest - Skill Data File : JMXFile(pkFilePath=E:\Amroo\Silkroad Games\LegionSRO_15_08_2019\Media.pk2, name=skilldata_5000enc.txt, position=66028340, size=3788596, parent=null) 
07:15:22.061 [main] INFO org.soky.sro.pk2.Pk2FileTest - Skill Data File : JMXFile(pkFilePath=E:\Amroo\Silkroad Games\LegionSRO_15_08_2019\Media.pk2, name=skilldata_10000enc.txt, position=862305550, size=4429622, parent=null) 
07:15:22.061 [main] INFO org.soky.sro.pk2.Pk2FileTest - Skill Data File : JMXFile(pkFilePath=E:\Amroo\Silkroad Games\LegionSRO_15_08_2019\Media.pk2, name=skilldata_15000enc.txt, position=711148100, size=4245388, parent=null) 
07:15:22.061 [main] INFO org.soky.sro.pk2.Pk2FileTest - Skill Data File : JMXFile(pkFilePath=E:\Amroo\Silkroad Games\LegionSRO_15_08_2019\Media.pk2, name=skilldata_35000enc.txt, position=847587716, size=3760960, parent=null) 
07:15:22.061 [main] INFO org.soky.sro.pk2.Pk2FileTest - Skill Data File : JMXFile(pkFilePath=E:\Amroo\Silkroad Games\LegionSRO_15_08_2019\Media.pk2, name=skilldata_40000enc.txt, position=16309842, size=51002, parent=null) 
07:15:22.061 [main] INFO org.soky.sro.pk2.Pk2FileTest - Skill Data File : JMXFile(pkFilePath=E:\Amroo\Silkroad Games\LegionSRO_15_08_2019\Media.pk2, name=skilldata_45000enc.txt, position=106944338, size=71566, parent=null) 
]]></system-out>
  </testcase>
  <testcase name="testPk2FileWithNullFilePath" classname="org.soky.sro.pk2.Pk2FileTest" time="0.001"/>
  <testcase name="testQueryCollectionAtParticularDir" classname="org.soky.sro.pk2.Pk2FileTest" time="0.003">
    <system-out><![CDATA[Matched Dir is : 2571636 icon64
Matched Dir is : 555046087 premium
Matched Dir is : 555048647 avatar
]]></system-out>
  </testcase>
</testsuite>