<?xml version="1.0" encoding="UTF-8"?>
<testsuite xmlns:xsi="http://www.w3.org/2001/XMLSchema-instance" xsi:noNamespaceSchemaLocation="https://maven.apache.org/surefire/maven-surefire-plugin/xsd/surefire-test-report-3.0.xsd" version="3.0" name="org.soky.sro.pk2.Pk2CryptoUtilsTest" time="2.023" tests="4" errors="0" skipped="0" failures="0">
  <properties>
[...]
</properties>
  <testcase name="testFooterOfEncFiles" classname="org.soky.sro.pk2.Pk2CryptoUtilsTest" time="0.657">
    <system-out><![CDATA[07:15:19.365 [main] INFO org.sokybot.pk2.Pk2File - While reading header , total read bytes 256 
07:15:19.646 [main] INFO org.soky.sro.pk2.Pk2CryptoUtilsTest - Actual : 
//encrypt 
07:15:19.646 [main] INFO org.soky.sro.pk2.Pk2CryptoUtilsTest - Expected : 
//encrypt 
07:15:19.710 [main] INFO org.soky.sro.pk2.Pk2CryptoUtilsTest - Actual : 
//encrypt 
07:15:19.711 [main] INFO org.soky.sro.pk2.Pk2CryptoUtilsTest - Expected : 
//encrypt 
07:15:19.770 [main] INFO org.soky.sro.pk2.Pk2CryptoUtilsTest - Actual : 
//encrypt 
07:15:19.770 [main] INFO org.soky.sro.pk2.Pk2CryptoUtilsTest - Expected : 
//encrypt 
07:15:19.826 [main] INFO org.soky.sro.pk2.Pk2CryptoUtilsTest - Actual : 
//encrypt 
07:15:19.826 [main] INFO org.soky.sro.pk2.Pk2CryptoUtilsTest - Expected : 
//encrypt 
07:15:19.897 [main] INFO org.soky.sro.pk2.Pk2CryptoUtilsTest - Actual : 
//encrypt 
07:15:19.897 [main] INFO org.soky.sro.pk2.Pk2CryptoUtilsTest - Expected : 
//encrypt 
07:15:19.961 [main] INFO org.soky.sro.pk2.Pk2CryptoUtilsTest - Actual : 
//encrypt 
07:15:19.961 [main] INFO org.soky.sro.pk2.Pk2CryptoUtilsTest - Expected : 
//encrypt 
07:15:20.018 [main] INFO org.soky.sro.pk2.Pk2CryptoUtilsTest - Actual : 
//encrypt 
07:15:20.018 [main] INFO org.soky.sro.pk2.Pk2CryptoUtilsTest - Expected : 
//encrypt 
07:15:20.019 [main] INFO org.soky.sro.pk2.Pk2CryptoUtilsTest - Actual : 
//encrypt 
07:15:20.019 [main] INFO org.soky.sro.pk2.Pk2CryptoUtilsTest - Expected : 
//encrypt 
07:15:20.020 [main] INFO org.soky.sro.pk2.Pk2CryptoUtilsTest - Actual : 
//encrypt 
07:15:20.020 [main] INFO org.soky.sro.pk2.Pk2CryptoUtilsTest - Expected : 
//encrypt 
]]></system-out>
  </testcase>
  <testcase name="testEncryptionVerification" classname="org.soky.sro.pk2.Pk2CryptoUtilsTest" time="0.163"/>
  <testcase name="testInputStreamForAnyEncText2" classname="org.soky.sro.pk2.Pk2CryptoUtilsTest" time="0.605">
    <system-out><![CDATA[07:15:20.335 [main] INFO org.soky.sro.pk2.Pk2CryptoUtilsTest - Encrypted File skilldata_20000enc.txt 
07:15:20.336 [main] INFO org.soky.sro.pk2.Pk2CryptoUtilsTest - Encrypted File skilldata_25000enc.txt 
07:15:20.336 [main] INFO org.soky.sro.pk2.Pk2CryptoUtilsTest - Encrypted File skilldata_30000enc.txt 
07:15:20.336 [main] INFO org.soky.sro.pk2.Pk2CryptoUtilsTest - Encrypted File skilldata_5000enc.txt 
07:15:20.336 [main] INFO org.soky.sro.pk2.Pk2CryptoUtilsTest - Encrypted File skilldata_10000enc.txt 
07:15:20.336 [main] INFO org.soky.sro.pk2.Pk2CryptoUtilsTest - Encrypted File skilldata_15000enc.txt 
07:15:20.337 [main] INFO org.soky.sro.pk2.Pk2CryptoUtilsTest - Encrypted File skilldata_35000enc.txt 
07:15:20.337 [main] INFO org.soky.sro.pk2.Pk2CryptoUtilsTest - Encrypted File skilldata_40000enc.txt 
07:15:20.337 [main] INFO org.soky.sro.pk2.Pk2CryptoUtilsTest - Encrypted File skilldata_45000enc.txt 
07:15:20.791 [main] INFO org.soky.sro.pk2.Pk2CryptoUtilsTest - Consumed Bytes : 27234550 
07:15:20.791 [main] INFO org.soky.sro.pk2.Pk2CryptoUtilsTest - Total Size : 27234550 
]]></system-out>
  </testcase>
  <testcase name="testInputStreamForAnyEncText" classname="org.soky.sro.pk2.Pk2CryptoUtilsTest" time="0.594">
    <system-out><![CDATA[07:15:20.973 [main] DEBUG org.sokybot.pk2.Pk2CryptoUtils - File ifalchemyenchant.txt is not encrypted , flags not exists
07:15:20.973 [main] INFO org.soky.sro.pk2.Pk2CryptoUtilsTest - Consuming 3375 bytes from file ifalchemyenchant.txt  , 3375
07:15:20.973 [main] DEBUG org.sokybot.pk2.Pk2CryptoUtils - File skilldataenc.txt is not encrypted , flags not exists
07:15:20.973 [main] INFO org.soky.sro.pk2.Pk2CryptoUtilsTest - Consuming 332 bytes from file skilldataenc.txt  , 332
07:15:21.025 [main] INFO org.soky.sro.pk2.Pk2CryptoUtilsTest - Consuming 3508948 bytes from file skilldata_20000enc.txt  , 3508948
07:15:21.080 [main] INFO org.soky.sro.pk2.Pk2CryptoUtilsTest - Consuming 3666096 bytes from file skilldata_25000enc.txt  , 3666096
07:15:21.136 [main] INFO org.soky.sro.pk2.Pk2CryptoUtilsTest - Consuming 3712372 bytes from file skilldata_30000enc.txt  , 3712372
07:15:21.194 [main] INFO org.soky.sro.pk2.Pk2CryptoUtilsTest - Consuming 3788596 bytes from file skilldata_5000enc.txt  , 3788596
07:15:21.261 [main] INFO org.soky.sro.pk2.Pk2CryptoUtilsTest - Consuming 4429622 bytes from file skilldata_10000enc.txt  , 4429622
07:15:21.325 [main] INFO org.soky.sro.pk2.Pk2CryptoUtilsTest - Consuming 4245388 bytes from file skilldata_15000enc.txt  , 4245388
07:15:21.383 [main] INFO org.soky.sro.pk2.Pk2CryptoUtilsTest - Consuming 3760960 bytes from file skilldata_35000enc.txt  , 3760960
07:15:21.384 [main] INFO org.soky.sro.pk2.Pk2CryptoUtilsTest - Consuming 51002 bytes from file skilldata_40000enc.txt  , 51002
07:15:21.385 [main] INFO org.soky.sro.pk2.Pk2CryptoUtilsTest - Consuming 71566 bytes from file skilldata_45000enc.txt  , 71566
]]></system-out>
  </testcase>
</testsuite>